04-03-2024 18:06:31.891 - > Connection to the remote object Registry on the host localhost and port 1101 created
04-03-2024 18:06:31.894 - > Connection bound to ServerService in the remote object Registry
04-03-2024 18:06:31.894 - > Server localhost at port 1101 added to the list
04-03-2024 18:06:31.895 - > Connection to the remote object Registry on the host localhost and port 1102 created
04-03-2024 18:06:31.897 - > Connection bound to ServerService in the remote object Registry
04-03-2024 18:06:31.897 - > Server localhost at port 1102 added to the list
04-03-2024 18:06:31.897 - > Connection to the remote object Registry on the host localhost and port 1103 created
04-03-2024 18:06:31.899 - > Connection bound to ServerService in the remote object Registry
04-03-2024 18:06:31.899 - > Server localhost at port 1103 added to the list
04-03-2024 18:06:31.899 - > Connection to the remote object Registry on the host localhost and port 1104 created
04-03-2024 18:06:31.901 - > Connection bound to ServerService in the remote object Registry
04-03-2024 18:06:31.901 - > Server localhost at port 1104 added to the list
04-03-2024 18:06:31.901 - > Connection to the remote object Registry on the host localhost and port 1105 created
04-03-2024 18:06:31.902 - > Connection bound to ServerService in the remote object Registry
04-03-2024 18:06:31.903 - > Server localhost at port 1105 added to the list
04-03-2024 18:06:35.574 - Received a request to save "name" mapped to "saleh"
04-03-2024 18:06:35.574 - begin_commit
04-03-2024 18:06:35.578 - commit
04-03-2024 18:06:35.582 - server at port 1101 committed
04-03-2024 18:06:35.583 - server at port 1102 committed
04-03-2024 18:06:35.583 - server at port 1103 committed
04-03-2024 18:06:35.584 - server at port 1104 committed
04-03-2024 18:06:35.585 - server at port 1105 committed
04-03-2024 18:06:35.585 - end_of_transaction
04-03-2024 18:06:35.586 - Received a request to save "color" mapped to "blue"
04-03-2024 18:06:35.586 - begin_commit
04-03-2024 18:06:35.590 - commit
04-03-2024 18:06:35.594 - server at port 1101 committed
04-03-2024 18:06:35.595 - server at port 1102 committed
04-03-2024 18:06:35.596 - server at port 1103 committed
04-03-2024 18:06:35.596 - server at port 1104 committed
04-03-2024 18:06:35.597 - server at port 1105 committed
04-03-2024 18:06:35.597 - end_of_transaction
04-03-2024 18:06:35.598 - Received a request to save "thank you" mapped to "grazie"
04-03-2024 18:06:35.598 - begin_commit
04-03-2024 18:06:35.600 - commit
04-03-2024 18:06:35.603 - server at port 1101 committed
04-03-2024 18:06:35.603 - server at port 1102 committed
04-03-2024 18:06:35.603 - server at port 1103 committed
04-03-2024 18:06:35.606 - server at port 1104 committed
04-03-2024 18:06:35.606 - server at port 1105 committed
04-03-2024 18:06:35.606 - end_of_transaction
04-03-2024 18:06:35.607 - Received a request to save "please" mapped to "per favore"
04-03-2024 18:06:35.607 - begin_commit
04-03-2024 18:06:35.609 - commit
04-03-2024 18:06:35.611 - server at port 1101 committed
04-03-2024 18:06:35.611 - server at port 1102 committed
04-03-2024 18:06:35.612 - server at port 1103 committed
04-03-2024 18:06:35.612 - server at port 1104 committed
04-03-2024 18:06:35.613 - server at port 1105 committed
04-03-2024 18:06:35.613 - end_of_transaction
04-03-2024 18:06:35.614 - Received a request to save "yes" mapped to "sì"
04-03-2024 18:06:35.614 - begin_commit
04-03-2024 18:06:35.615 - commit
04-03-2024 18:06:35.617 - server at port 1101 committed
04-03-2024 18:06:35.617 - server at port 1102 committed
04-03-2024 18:06:35.618 - server at port 1103 committed
04-03-2024 18:06:35.618 - server at port 1104 committed
04-03-2024 18:06:35.619 - server at port 1105 committed
04-03-2024 18:06:35.619 - end_of_transaction
04-03-2024 18:06:35.619 - Received a request to save "no" mapped to "no"
04-03-2024 18:06:35.620 - begin_commit
04-03-2024 18:06:35.621 - commit
04-03-2024 18:06:35.623 - server at port 1101 committed
04-03-2024 18:06:35.623 - server at port 1102 committed
04-03-2024 18:06:35.623 - server at port 1103 committed
04-03-2024 18:06:35.624 - server at port 1104 committed
04-03-2024 18:06:35.624 - server at port 1105 committed
04-03-2024 18:06:35.624 - end_of_transaction
04-03-2024 18:06:35.625 - Received a request to save "water" mapped to "acqua"
04-03-2024 18:06:35.625 - begin_commit
04-03-2024 18:06:35.627 - commit
04-03-2024 18:06:35.629 - server at port 1101 committed
04-03-2024 18:06:35.629 - server at port 1102 committed
04-03-2024 18:06:35.629 - server at port 1103 committed
04-03-2024 18:06:35.630 - server at port 1104 committed
04-03-2024 18:06:35.630 - server at port 1105 committed
04-03-2024 18:06:35.630 - end_of_transaction
04-03-2024 18:06:35.631 - Received a request to save "food" mapped to "cibo"
04-03-2024 18:06:35.631 - begin_commit
04-03-2024 18:06:35.632 - commit
04-03-2024 18:06:35.634 - server at port 1101 committed
04-03-2024 18:06:35.634 - server at port 1102 committed
04-03-2024 18:06:35.634 - server at port 1103 committed
04-03-2024 18:06:35.635 - server at port 1104 committed
04-03-2024 18:06:35.635 - server at port 1105 committed
04-03-2024 18:06:35.635 - end_of_transaction
04-03-2024 18:06:35.636 - Received a request to save "friend" mapped to "amico"
04-03-2024 18:06:35.636 - begin_commit
04-03-2024 18:06:35.637 - commit
04-03-2024 18:06:35.639 - server at port 1101 committed
04-03-2024 18:06:35.639 - server at port 1102 committed
04-03-2024 18:06:35.639 - server at port 1103 committed
04-03-2024 18:06:35.640 - server at port 1104 committed
04-03-2024 18:06:35.640 - server at port 1105 committed
04-03-2024 18:06:35.640 - end_of_transaction
04-03-2024 18:06:35.640 - Received a request to save "love" mapped to "amore"
04-03-2024 18:06:35.641 - begin_commit
04-03-2024 18:06:35.642 - commit
04-03-2024 18:06:35.643 - server at port 1101 committed
04-03-2024 18:06:35.644 - server at port 1102 committed
04-03-2024 18:06:35.644 - server at port 1103 committed
04-03-2024 18:06:35.644 - server at port 1104 committed
04-03-2024 18:06:35.645 - server at port 1105 committed
04-03-2024 18:06:35.645 - end_of_transaction
04-03-2024 18:06:45.209 - Received a request to save "name" mapped to "saleh"
04-03-2024 18:06:45.210 - begin_commit
04-03-2024 18:06:45.212 - abort: server at port 1101 aborted the transaction
04-03-2024 18:06:45.213 - end_of_transaction
04-03-2024 18:10:40.365 - > Connection to the remote object Registry on the host localhost and port 1101 created
04-03-2024 18:10:40.368 - > Connection bound to ServerService in the remote object Registry
04-03-2024 18:10:40.368 - > Server localhost at port 1101 added to the list
04-03-2024 18:10:40.369 - > Connection to the remote object Registry on the host localhost and port 1102 created
04-03-2024 18:10:40.371 - > Connection bound to ServerService in the remote object Registry
04-03-2024 18:10:40.371 - > Server localhost at port 1102 added to the list
04-03-2024 18:10:40.371 - > Connection to the remote object Registry on the host localhost and port 1103 created
04-03-2024 18:10:40.373 - > Connection bound to ServerService in the remote object Registry
04-03-2024 18:10:40.373 - > Server localhost at port 1103 added to the list
04-03-2024 18:10:40.373 - > Connection to the remote object Registry on the host localhost and port 1104 created
04-03-2024 18:10:40.375 - > Connection bound to ServerService in the remote object Registry
04-03-2024 18:10:40.375 - > Server localhost at port 1104 added to the list
04-03-2024 18:10:40.376 - > Connection to the remote object Registry on the host localhost and port 1105 created
04-03-2024 18:10:40.377 - > Connection bound to ServerService in the remote object Registry
04-03-2024 18:10:40.377 - > Server localhost at port 1105 added to the list
04-03-2024 18:10:52.165 - Received a request to save "name" mapped to "saleh"
04-03-2024 18:10:52.165 - begin_commit
04-03-2024 18:10:52.169 - commit
04-03-2024 18:10:52.173 - server at port 1101 committed
04-03-2024 18:10:52.173 - server at port 1102 committed
04-03-2024 18:10:52.174 - server at port 1103 committed
04-03-2024 18:10:52.174 - server at port 1104 committed
04-03-2024 18:10:52.175 - server at port 1105 committed
04-03-2024 18:10:52.175 - end_of_transaction
04-03-2024 18:10:52.176 - Received a request to save "color" mapped to "blue"
04-03-2024 18:10:52.176 - begin_commit
04-03-2024 18:10:52.178 - commit
04-03-2024 18:10:52.180 - server at port 1101 committed
04-03-2024 18:10:52.181 - server at port 1102 committed
04-03-2024 18:10:52.181 - server at port 1103 committed
04-03-2024 18:10:52.182 - server at port 1104 committed
04-03-2024 18:10:52.182 - server at port 1105 committed
04-03-2024 18:10:52.182 - end_of_transaction
04-03-2024 18:10:52.183 - Received a request to save "thank you" mapped to "grazie"
04-03-2024 18:10:52.183 - begin_commit
04-03-2024 18:10:52.185 - commit
04-03-2024 18:10:52.187 - server at port 1101 committed
04-03-2024 18:10:52.188 - server at port 1102 committed
04-03-2024 18:10:52.188 - server at port 1103 committed
04-03-2024 18:10:52.188 - server at port 1104 committed
04-03-2024 18:10:52.189 - server at port 1105 committed
04-03-2024 18:10:52.189 - end_of_transaction
04-03-2024 18:10:52.190 - Received a request to save "please" mapped to "per favore"
04-03-2024 18:10:52.190 - begin_commit
04-03-2024 18:10:52.192 - commit
04-03-2024 18:10:52.194 - server at port 1101 committed
04-03-2024 18:10:52.194 - server at port 1102 committed
04-03-2024 18:10:52.194 - server at port 1103 committed
04-03-2024 18:10:52.195 - server at port 1104 committed
04-03-2024 18:10:52.195 - server at port 1105 committed
04-03-2024 18:10:52.195 - end_of_transaction
04-03-2024 18:10:52.196 - Received a request to save "yes" mapped to "sì"
04-03-2024 18:10:52.196 - begin_commit
04-03-2024 18:10:52.198 - commit
04-03-2024 18:10:52.201 - server at port 1101 committed
04-03-2024 18:10:52.202 - server at port 1102 committed
04-03-2024 18:10:52.202 - server at port 1103 committed
04-03-2024 18:10:52.203 - server at port 1104 committed
04-03-2024 18:10:52.203 - server at port 1105 committed
04-03-2024 18:10:52.203 - end_of_transaction
04-03-2024 18:10:52.204 - Received a request to save "no" mapped to "no"
04-03-2024 18:10:52.204 - begin_commit
04-03-2024 18:10:52.206 - commit
04-03-2024 18:10:52.208 - server at port 1101 committed
04-03-2024 18:10:52.208 - server at port 1102 committed
04-03-2024 18:10:52.208 - server at port 1103 committed
04-03-2024 18:10:52.209 - server at port 1104 committed
04-03-2024 18:10:52.209 - server at port 1105 committed
04-03-2024 18:10:52.209 - end_of_transaction
04-03-2024 18:10:52.210 - Received a request to save "water" mapped to "acqua"
04-03-2024 18:10:52.210 - begin_commit
04-03-2024 18:10:52.211 - commit
04-03-2024 18:10:52.213 - server at port 1101 committed
04-03-2024 18:10:52.214 - server at port 1102 committed
04-03-2024 18:10:52.214 - server at port 1103 committed
04-03-2024 18:10:52.214 - server at port 1104 committed
04-03-2024 18:10:52.215 - server at port 1105 committed
04-03-2024 18:10:52.215 - end_of_transaction
04-03-2024 18:10:52.215 - Received a request to save "food" mapped to "cibo"
04-03-2024 18:10:52.215 - begin_commit
04-03-2024 18:10:52.217 - commit
04-03-2024 18:10:52.219 - server at port 1101 committed
04-03-2024 18:10:52.219 - server at port 1102 committed
04-03-2024 18:10:52.219 - server at port 1103 committed
04-03-2024 18:10:52.220 - server at port 1104 committed
04-03-2024 18:10:52.220 - server at port 1105 committed
04-03-2024 18:10:52.220 - end_of_transaction
04-03-2024 18:10:52.221 - Received a request to save "friend" mapped to "amico"
04-03-2024 18:10:52.221 - begin_commit
04-03-2024 18:10:52.222 - commit
04-03-2024 18:10:52.224 - server at port 1101 committed
04-03-2024 18:10:52.224 - server at port 1102 committed
04-03-2024 18:10:52.224 - server at port 1103 committed
04-03-2024 18:10:52.225 - server at port 1104 committed
04-03-2024 18:10:52.225 - server at port 1105 committed
04-03-2024 18:10:52.225 - end_of_transaction
04-03-2024 18:10:52.226 - Received a request to save "love" mapped to "amore"
04-03-2024 18:10:52.226 - begin_commit
04-03-2024 18:10:52.227 - commit
04-03-2024 18:10:52.228 - server at port 1101 committed
04-03-2024 18:10:52.229 - server at port 1102 committed
04-03-2024 18:10:52.229 - server at port 1103 committed
04-03-2024 18:10:52.229 - server at port 1104 committed
04-03-2024 18:10:52.230 - server at port 1105 committed
04-03-2024 18:10:52.230 - end_of_transaction
